Build started 11/08/2015 5:59:01 PM.
     1>Project "E:\University\ImageProcessing\Pixel-CNTN2013-THGK\Pixel-ThucHanhGiuaKi\ThucHanhGiuaKi\ThucHanhGiuaKi.vcxproj" on node 2 (Build target(s)).
     1>ClCompile:
         C:\Program Files (x86)\Microsoft Visual Studio 12.0\VC\bin\CL.exe /c /Zi /nologo /W3 /WX- /sdl /O2 /Oi /Oy- /GL /D WIN32 /D NDEBUG /D _CONSOLE /D _LIB /D _UNICODE /D UNICODE /Gm- /EHsc /MD /GS /Gy /fp:precise /Zc:wchar_t /Zc:forScope /Fo"Release\\" /Fd"Release\vc120.pdb" /Gd /TP /analyze- /errorReport:prompt Main.cpp
         Main.cpp
     1>e:\university\imageprocessing\pixel-cntn2013-thgk\pixel-thuchanhgiuaki\thuchanhgiuaki\demoLib.h(275): warning C4101: 'choice' : unreferenced local variable
     1>e:\university\imageprocessing\pixel-cntn2013-thgk\pixel-thuchanhgiuaki\thuchanhgiuaki\convert_ColorModel.h(36): warning C4244: '=' : conversion from 'double' to 'float', possible loss of data
     1>e:\university\imageprocessing\pixel-cntn2013-thgk\pixel-thuchanhgiuaki\thuchanhgiuaki\convert_ColorModel.h(38): warning C4244: '=' : conversion from 'double' to 'float', possible loss of data
     1>e:\university\imageprocessing\pixel-cntn2013-thgk\pixel-thuchanhgiuaki\thuchanhgiuaki\convert_ColorModel.h(41): warning C4244: '=' : conversion from 'double' to 'float', possible loss of data
     1>e:\university\imageprocessing\pixel-cntn2013-thgk\pixel-thuchanhgiuaki\thuchanhgiuaki\convert_ColorModel.h(43): warning C4244: '=' : conversion from 'double' to 'float', possible loss of data
     1>e:\university\imageprocessing\pixel-cntn2013-thgk\pixel-thuchanhgiuaki\thuchanhgiuaki\convert_ColorModel.h(46): warning C4244: '=' : conversion from 'double' to 'float', possible loss of data
     1>e:\university\imageprocessing\pixel-cntn2013-thgk\pixel-thuchanhgiuaki\thuchanhgiuaki\convert_ColorModel.h(48): warning C4244: '=' : conversion from 'double' to 'float', possible loss of data
     1>e:\university\imageprocessing\pixel-cntn2013-thgk\pixel-thuchanhgiuaki\thuchanhgiuaki\convert_ColorModel.h(53): warning C4244: '=' : conversion from 'double' to 'float', possible loss of data
     1>e:\university\imageprocessing\pixel-cntn2013-thgk\pixel-thuchanhgiuaki\thuchanhgiuaki\convert_ColorModel.h(55): warning C4244: '=' : conversion from 'double' to 'float', possible loss of data
     1>e:\university\imageprocessing\pixel-cntn2013-thgk\pixel-thuchanhgiuaki\thuchanhgiuaki\convert_ColorModel.h(56): warning C4244: '=' : conversion from 'double' to 'float', possible loss of data
     1>e:\university\imageprocessing\pixel-cntn2013-thgk\pixel-thuchanhgiuaki\thuchanhgiuaki\convert_ColorModel.h(78): warning C4244: 'initializing' : conversion from 'double' to 'float', possible loss of data
     1>e:\university\imageprocessing\pixel-cntn2013-thgk\pixel-thuchanhgiuaki\thuchanhgiuaki\convert_ColorModel.h(79): warning C4244: 'initializing' : conversion from 'double' to 'float', possible loss of data
     1>e:\university\imageprocessing\pixel-cntn2013-thgk\pixel-thuchanhgiuaki\thuchanhgiuaki\convert_ColorModel.h(80): warning C4244: 'initializing' : conversion from 'double' to 'float', possible loss of data
     1>e:\university\imageprocessing\pixel-cntn2013-thgk\pixel-thuchanhgiuaki\thuchanhgiuaki\convert_ColorModel.h(83): warning C4244: '=' : conversion from 'double' to 'float', possible loss of data
     1>e:\university\imageprocessing\pixel-cntn2013-thgk\pixel-thuchanhgiuaki\thuchanhgiuaki\convert_ColorModel.h(85): warning C4244: '=' : conversion from 'double' to 'float', possible loss of data
     1>e:\university\imageprocessing\pixel-cntn2013-thgk\pixel-thuchanhgiuaki\thuchanhgiuaki\convert_ColorModel.h(87): warning C4244: '=' : conversion from 'double' to 'float', possible loss of data
     1>e:\university\imageprocessing\pixel-cntn2013-thgk\pixel-thuchanhgiuaki\thuchanhgiuaki\convert_ColorModel.h(88): warning C4244: 'initializing' : conversion from 'float' to 'int', possible loss of data
     1>e:\university\imageprocessing\pixel-cntn2013-thgk\pixel-thuchanhgiuaki\thuchanhgiuaki\convert_ColorModel.h(89): warning C4244: 'initializing' : conversion from 'float' to 'int', possible loss of data
     1>e:\university\imageprocessing\pixel-cntn2013-thgk\pixel-thuchanhgiuaki\thuchanhgiuaki\convert_ColorModel.h(90): warning C4244: 'initializing' : conversion from 'float' to 'int', possible loss of data
     1>e:\university\imageprocessing\pixel-cntn2013-thgk\pixel-thuchanhgiuaki\thuchanhgiuaki\convert_ColorModel.h(101): warning C4305: 'initializing' : truncation from 'double' to 'float'
     1>e:\university\imageprocessing\pixel-cntn2013-thgk\pixel-thuchanhgiuaki\thuchanhgiuaki\convert_ColorModel.h(103): warning C4305: 'initializing' : truncation from 'double' to 'float'
     1>e:\university\imageprocessing\pixel-cntn2013-thgk\pixel-thuchanhgiuaki\thuchanhgiuaki\convert_ColorModel.h(118): warning C4244: '=' : conversion from 'double' to 'float', possible loss of data
     1>e:\university\imageprocessing\pixel-cntn2013-thgk\pixel-thuchanhgiuaki\thuchanhgiuaki\convert_ColorModel.h(120): warning C4244: '=' : conversion from 'double' to 'float', possible loss of data
     1>e:\university\imageprocessing\pixel-cntn2013-thgk\pixel-thuchanhgiuaki\thuchanhgiuaki\convert_ColorModel.h(123): warning C4244: '=' : conversion from 'double' to 'float', possible loss of data
     1>e:\university\imageprocessing\pixel-cntn2013-thgk\pixel-thuchanhgiuaki\thuchanhgiuaki\convert_ColorModel.h(125): warning C4244: '=' : conversion from 'double' to 'float', possible loss of data
     1>e:\university\imageprocessing\pixel-cntn2013-thgk\pixel-thuchanhgiuaki\thuchanhgiuaki\convert_ColorModel.h(128): warning C4244: '=' : conversion from 'double' to 'float', possible loss of data
     1>e:\university\imageprocessing\pixel-cntn2013-thgk\pixel-thuchanhgiuaki\thuchanhgiuaki\convert_ColorModel.h(130): warning C4244: '=' : conversion from 'double' to 'float', possible loss of data
     1>e:\university\imageprocessing\pixel-cntn2013-thgk\pixel-thuchanhgiuaki\thuchanhgiuaki\convert_ColorModel.h(142): warning C4305: 'initializing' : truncation from 'double' to 'float'
     1>e:\university\imageprocessing\pixel-cntn2013-thgk\pixel-thuchanhgiuaki\thuchanhgiuaki\convert_ColorModel.h(144): warning C4305: 'initializing' : truncation from 'double' to 'float'
     1>e:\university\imageprocessing\pixel-cntn2013-thgk\pixel-thuchanhgiuaki\thuchanhgiuaki\convert_ColorModel.h(155): warning C4244: 'initializing' : conversion from 'double' to 'float', possible loss of data
     1>e:\university\imageprocessing\pixel-cntn2013-thgk\pixel-thuchanhgiuaki\thuchanhgiuaki\convert_ColorModel.h(160): warning C4244: '=' : conversion from 'double' to 'float', possible loss of data
     1>e:\university\imageprocessing\pixel-cntn2013-thgk\pixel-thuchanhgiuaki\thuchanhgiuaki\convert_ColorModel.h(165): warning C4244: '=' : conversion from 'double' to 'float', possible loss of data
     1>e:\university\imageprocessing\pixel-cntn2013-thgk\pixel-thuchanhgiuaki\thuchanhgiuaki\convert_ColorModel.h(170): warning C4244: '=' : conversion from 'double' to 'float', possible loss of data
     1>e:\university\imageprocessing\pixel-cntn2013-thgk\pixel-thuchanhgiuaki\thuchanhgiuaki\convert_ColorModel.h(184): warning C4305: 'initializing' : truncation from 'double' to 'float'
     1>e:\university\imageprocessing\pixel-cntn2013-thgk\pixel-thuchanhgiuaki\thuchanhgiuaki\convert_ColorModel.h(186): warning C4305: 'initializing' : truncation from 'double' to 'float'
     1>e:\university\imageprocessing\pixel-cntn2013-thgk\pixel-thuchanhgiuaki\thuchanhgiuaki\convert_ColorModel.h(205): warning C4244: '=' : conversion from 'double' to 'float', possible loss of data
     1>e:\university\imageprocessing\pixel-cntn2013-thgk\pixel-thuchanhgiuaki\thuchanhgiuaki\convert_ColorModel.h(207): warning C4244: '=' : conversion from 'double' to 'float', possible loss of data
     1>e:\university\imageprocessing\pixel-cntn2013-thgk\pixel-thuchanhgiuaki\thuchanhgiuaki\convert_ColorModel.h(222): warning C4305: 'initializing' : truncation from 'double' to 'float'
     1>e:\university\imageprocessing\pixel-cntn2013-thgk\pixel-thuchanhgiuaki\thuchanhgiuaki\convert_ColorModel.h(224): warning C4305: 'initializing' : truncation from 'double' to 'float'
     1>e:\university\imageprocessing\pixel-cntn2013-thgk\pixel-thuchanhgiuaki\thuchanhgiuaki\convert_ColorModel.h(240): warning C4244: '=' : conversion from 'double' to 'float', possible loss of data
     1>e:\university\imageprocessing\pixel-cntn2013-thgk\pixel-thuchanhgiuaki\thuchanhgiuaki\convert_ColorModel.h(293): warning C4244: 'initializing' : conversion from 'double' to 'float', possible loss of data
     1>e:\university\imageprocessing\pixel-cntn2013-thgk\pixel-thuchanhgiuaki\thuchanhgiuaki\convert_ColorModel.h(294): warning C4244: 'initializing' : conversion from 'double' to 'float', possible loss of data
     1>e:\university\imageprocessing\pixel-cntn2013-thgk\pixel-thuchanhgiuaki\thuchanhgiuaki\convert_ColorModel.h(295): warning C4244: 'initializing' : conversion from 'double' to 'float', possible loss of data
     1>e:\university\imageprocessing\pixel-cntn2013-thgk\pixel-thuchanhgiuaki\thuchanhgiuaki\convert_ColorModel.h(319): warning C4244: 'initializing' : conversion from 'double' to 'int', possible loss of data
     1>e:\university\imageprocessing\pixel-cntn2013-thgk\pixel-thuchanhgiuaki\thuchanhgiuaki\convert_ColorModel.h(320): warning C4244: 'initializing' : conversion from 'double' to 'int', possible loss of data
     1>e:\university\imageprocessing\pixel-cntn2013-thgk\pixel-thuchanhgiuaki\thuchanhgiuaki\convert_ColorModel.h(321): warning C4244: 'initializing' : conversion from 'double' to 'int', possible loss of data
     1>e:\university\imageprocessing\pixel-cntn2013-thgk\pixel-thuchanhgiuaki\thuchanhgiuaki\convert_ColorModel.h(370): warning C4244: '=' : conversion from 'float' to 'int', possible loss of data
     1>e:\university\imageprocessing\pixel-cntn2013-thgk\pixel-thuchanhgiuaki\thuchanhgiuaki\convert_ColorModel.h(386): warning C4244: '=' : conversion from 'float' to 'int', possible loss of data
     1>e:\university\imageprocessing\pixel-cntn2013-thgk\pixel-thuchanhgiuaki\thuchanhgiuaki\convert_ColorModel.h(469): warning C4244: 'initializing' : conversion from 'double' to 'int', possible loss of data
     1>e:\university\imageprocessing\pixel-cntn2013-thgk\pixel-thuchanhgiuaki\thuchanhgiuaki\Transform.h(14): warning C4244: 'initializing' : conversion from 'double' to 'int', possible loss of data
     1>e:\university\imageprocessing\pixel-cntn2013-thgk\pixel-thuchanhgiuaki\thuchanhgiuaki\Transform.h(15): warning C4244: 'initializing' : conversion from 'double' to 'int', possible loss of data
     1>e:\university\imageprocessing\pixel-cntn2013-thgk\pixel-thuchanhgiuaki\thuchanhgiuaki\Transform.h(24): warning C4244: 'initializing' : conversion from 'double' to 'int', possible loss of data
     1>e:\university\imageprocessing\pixel-cntn2013-thgk\pixel-thuchanhgiuaki\thuchanhgiuaki\Transform.h(25): warning C4244: 'initializing' : conversion from 'double' to 'int', possible loss of data
     1>e:\university\imageprocessing\pixel-cntn2013-thgk\pixel-thuchanhgiuaki\thuchanhgiuaki\Kernel.h(21): warning C4244: '=' : conversion from 'const double' to 'float', possible loss of data
     1>e:\university\imageprocessing\pixel-cntn2013-thgk\pixel-thuchanhgiuaki\thuchanhgiuaki\Gradient.h(16): warning C4244: '=' : conversion from 'int' to 'float', possible loss of data
     1>e:\university\imageprocessing\pixel-cntn2013-thgk\pixel-thuchanhgiuaki\thuchanhgiuaki\Gradient.h(30): warning C4244: '=' : conversion from 'int' to 'float', possible loss of data
     1>e:\university\imageprocessing\pixel-cntn2013-thgk\pixel-thuchanhgiuaki\thuchanhgiuaki\Gradient.h(46): warning C4244: '=' : conversion from 'double' to 'float', possible loss of data
     1>e:\university\imageprocessing\pixel-cntn2013-thgk\pixel-thuchanhgiuaki\thuchanhgiuaki\video.h(10): warning C4244: '=' : conversion from 'double' to 'int', possible loss of data
     1>e:\university\imageprocessing\pixel-cntn2013-thgk\pixel-thuchanhgiuaki\thuchanhgiuaki\video.h(11): warning C4244: '=' : conversion from 'double' to 'int', possible loss of data
       Link:
         C:\Program Files (x86)\Microsoft Visual Studio 12.0\VC\bin\link.exe /ERRORREPORT:PROMPT /OUT:"E:\University\ImageProcessing\Pixel-CNTN2013-THGK\Pixel-ThucHanhGiuaKi\Release\ThucHanhGiuaKi.exe" /INCREMENTAL:NO /NOLOGO opencv_calib3d2411.lib opencv_contrib2411.lib opencv_core2411.lib opencv_features2d2411.lib opencv_flann2411.lib opencv_gpu2411.lib opencv_highgui2411.lib opencv_imgproc2411.lib opencv_legacy2411.lib opencv_ml2411.lib opencv_nonfree2411.lib opencv_objdetect2411.lib opencv_photo2411.lib opencv_stitching2411.lib opencv_ts2411.lib opencv_video2411.lib opencv_videostab2411.lib kernel32.lib user32.lib gdi32.lib winspool.lib comdlg32.lib advapi32.lib shell32.lib ole32.lib oleaut32.lib uuid.lib odbc32.lib odbccp32.lib /MANIFEST /MANIFESTUAC:"level='asInvoker' uiAccess='false'" /manifest:embed /DEBUG /PDB:"E:\University\ImageProcessing\Pixel-CNTN2013-THGK\Pixel-ThucHanhGiuaKi\Release\ThucHanhGiuaKi.pdb" /SUBSYSTEM:CONSOLE /OPT:REF /OPT:ICF /LTCG /TLBID:1 /DYNAMICBASE /NXCOMPAT /IMPLIB:"E:\University\ImageProcessing\Pixel-CNTN2013-THGK\Pixel-ThucHanhGiuaKi\Release\ThucHanhGiuaKi.lib" /MACHINE:X86 /SAFESEH Release\EdgeDetector.obj
         Release\Main.obj
         Generating code
         Finished generating code
         ThucHanhGiuaKi.vcxproj -> E:\University\ImageProcessing\Pixel-CNTN2013-THGK\Pixel-ThucHanhGiuaKi\Release\ThucHanhGiuaKi.exe
     1>Done Building Project "E:\University\ImageProcessing\Pixel-CNTN2013-THGK\Pixel-ThucHanhGiuaKi\ThucHanhGiuaKi\ThucHanhGiuaKi.vcxproj" (Build target(s)).

Build succeeded.

Time Elapsed 00:00:01.77
