Build started 11/08/2015 5:58:00 PM.
     1>Project "E:\University\ImageProcessing\Pixel-CNTN2013-THGK\Pixel-ThucHanhGiuaKi\ThucHanhGiuaKi\ThucHanhGiuaKi.vcxproj" on node 2 (Build target(s)).
     1>ClCompile:
         C:\Program Files (x86)\Microsoft Visual Studio 12.0\VC\bin\CL.exe /c /ZI /nologo /W3 /WX- /sdl /Od /Oy- /D WIN32 /D _DEBUG /D _CONSOLE /D _LIB /D _UNICODE /D UNICODE /Gm /EHsc /RTC1 /MDd /GS /fp:precise /Zc:wchar_t /Zc:forScope /Fo"Debug\\" /Fd"Debug\vc120.pdb" /Gd /TP /analyze- /errorReport:prompt Main.cpp
         Main.cpp
     1>e:\university\imageprocessing\pixel-cntn2013-thgk\pixel-thuchanhgiuaki\thuchanhgiuaki\demolib.h(275): warning C4101: 'choice' : unreferenced local variable
     1>e:\university\imageprocessing\pixel-cntn2013-thgk\pixel-thuchanhgiuaki\thuchanhgiuaki\convert_colormodel.h(36): warning C4244: '=' : conversion from 'double' to 'float', possible loss of data
     1>e:\university\imageprocessing\pixel-cntn2013-thgk\pixel-thuchanhgiuaki\thuchanhgiuaki\convert_colormodel.h(38): warning C4244: '=' : conversion from 'double' to 'float', possible loss of data
     1>e:\university\imageprocessing\pixel-cntn2013-thgk\pixel-thuchanhgiuaki\thuchanhgiuaki\convert_colormodel.h(41): warning C4244: '=' : conversion from 'double' to 'float', possible loss of data
     1>e:\university\imageprocessing\pixel-cntn2013-thgk\pixel-thuchanhgiuaki\thuchanhgiuaki\convert_colormodel.h(43): warning C4244: '=' : conversion from 'double' to 'float', possible loss of data
     1>e:\university\imageprocessing\pixel-cntn2013-thgk\pixel-thuchanhgiuaki\thuchanhgiuaki\convert_colormodel.h(46): warning C4244: '=' : conversion from 'double' to 'float', possible loss of data
     1>e:\university\imageprocessing\pixel-cntn2013-thgk\pixel-thuchanhgiuaki\thuchanhgiuaki\convert_colormodel.h(48): warning C4244: '=' : conversion from 'double' to 'float', possible loss of data
     1>e:\university\imageprocessing\pixel-cntn2013-thgk\pixel-thuchanhgiuaki\thuchanhgiuaki\convert_colormodel.h(53): warning C4244: '=' : conversion from 'double' to 'float', possible loss of data
     1>e:\university\imageprocessing\pixel-cntn2013-thgk\pixel-thuchanhgiuaki\thuchanhgiuaki\convert_colormodel.h(55): warning C4244: '=' : conversion from 'double' to 'float', possible loss of data
     1>e:\university\imageprocessing\pixel-cntn2013-thgk\pixel-thuchanhgiuaki\thuchanhgiuaki\convert_colormodel.h(56): warning C4244: '=' : conversion from 'double' to 'float', possible loss of data
     1>e:\university\imageprocessing\pixel-cntn2013-thgk\pixel-thuchanhgiuaki\thuchanhgiuaki\convert_colormodel.h(78): warning C4244: 'initializing' : conversion from 'double' to 'float', possible loss of data
     1>e:\university\imageprocessing\pixel-cntn2013-thgk\pixel-thuchanhgiuaki\thuchanhgiuaki\convert_colormodel.h(79): warning C4244: 'initializing' : conversion from 'double' to 'float', possible loss of data
     1>e:\university\imageprocessing\pixel-cntn2013-thgk\pixel-thuchanhgiuaki\thuchanhgiuaki\convert_colormodel.h(80): warning C4244: 'initializing' : conversion from 'double' to 'float', possible loss of data
     1>e:\university\imageprocessing\pixel-cntn2013-thgk\pixel-thuchanhgiuaki\thuchanhgiuaki\convert_colormodel.h(83): warning C4244: '=' : conversion from 'double' to 'float', possible loss of data
     1>e:\university\imageprocessing\pixel-cntn2013-thgk\pixel-thuchanhgiuaki\thuchanhgiuaki\convert_colormodel.h(85): warning C4244: '=' : conversion from 'double' to 'float', possible loss of data
     1>e:\university\imageprocessing\pixel-cntn2013-thgk\pixel-thuchanhgiuaki\thuchanhgiuaki\convert_colormodel.h(87): warning C4244: '=' : conversion from 'double' to 'float', possible loss of data
     1>e:\university\imageprocessing\pixel-cntn2013-thgk\pixel-thuchanhgiuaki\thuchanhgiuaki\convert_colormodel.h(88): warning C4244: 'initializing' : conversion from 'float' to 'int', possible loss of data
     1>e:\university\imageprocessing\pixel-cntn2013-thgk\pixel-thuchanhgiuaki\thuchanhgiuaki\convert_colormodel.h(89): warning C4244: 'initializing' : conversion from 'float' to 'int', possible loss of data
     1>e:\university\imageprocessing\pixel-cntn2013-thgk\pixel-thuchanhgiuaki\thuchanhgiuaki\convert_colormodel.h(90): warning C4244: 'initializing' : conversion from 'float' to 'int', possible loss of data
     1>e:\university\imageprocessing\pixel-cntn2013-thgk\pixel-thuchanhgiuaki\thuchanhgiuaki\convert_colormodel.h(101): warning C4305: 'initializing' : truncation from 'double' to 'float'
     1>e:\university\imageprocessing\pixel-cntn2013-thgk\pixel-thuchanhgiuaki\thuchanhgiuaki\convert_colormodel.h(103): warning C4305: 'initializing' : truncation from 'double' to 'float'
     1>e:\university\imageprocessing\pixel-cntn2013-thgk\pixel-thuchanhgiuaki\thuchanhgiuaki\convert_colormodel.h(118): warning C4244: '=' : conversion from 'double' to 'float', possible loss of data
     1>e:\university\imageprocessing\pixel-cntn2013-thgk\pixel-thuchanhgiuaki\thuchanhgiuaki\convert_colormodel.h(120): warning C4244: '=' : conversion from 'double' to 'float', possible loss of data
     1>e:\university\imageprocessing\pixel-cntn2013-thgk\pixel-thuchanhgiuaki\thuchanhgiuaki\convert_colormodel.h(123): warning C4244: '=' : conversion from 'double' to 'float', possible loss of data
     1>e:\university\imageprocessing\pixel-cntn2013-thgk\pixel-thuchanhgiuaki\thuchanhgiuaki\convert_colormodel.h(125): warning C4244: '=' : conversion from 'double' to 'float', possible loss of data
     1>e:\university\imageprocessing\pixel-cntn2013-thgk\pixel-thuchanhgiuaki\thuchanhgiuaki\convert_colormodel.h(128): warning C4244: '=' : conversion from 'double' to 'float', possible loss of data
     1>e:\university\imageprocessing\pixel-cntn2013-thgk\pixel-thuchanhgiuaki\thuchanhgiuaki\convert_colormodel.h(130): warning C4244: '=' : conversion from 'double' to 'float', possible loss of data
     1>e:\university\imageprocessing\pixel-cntn2013-thgk\pixel-thuchanhgiuaki\thuchanhgiuaki\convert_colormodel.h(142): warning C4305: 'initializing' : truncation from 'double' to 'float'
     1>e:\university\imageprocessing\pixel-cntn2013-thgk\pixel-thuchanhgiuaki\thuchanhgiuaki\convert_colormodel.h(144): warning C4305: 'initializing' : truncation from 'double' to 'float'
     1>e:\university\imageprocessing\pixel-cntn2013-thgk\pixel-thuchanhgiuaki\thuchanhgiuaki\convert_colormodel.h(155): warning C4244: 'initializing' : conversion from 'double' to 'float', possible loss of data
     1>e:\university\imageprocessing\pixel-cntn2013-thgk\pixel-thuchanhgiuaki\thuchanhgiuaki\convert_colormodel.h(160): warning C4244: '=' : conversion from 'double' to 'float', possible loss of data
     1>e:\university\imageprocessing\pixel-cntn2013-thgk\pixel-thuchanhgiuaki\thuchanhgiuaki\convert_colormodel.h(165): warning C4244: '=' : conversion from 'double' to 'float', possible loss of data
     1>e:\university\imageprocessing\pixel-cntn2013-thgk\pixel-thuchanhgiuaki\thuchanhgiuaki\convert_colormodel.h(170): warning C4244: '=' : conversion from 'double' to 'float', possible loss of data
     1>e:\university\imageprocessing\pixel-cntn2013-thgk\pixel-thuchanhgiuaki\thuchanhgiuaki\convert_colormodel.h(184): warning C4305: 'initializing' : truncation from 'double' to 'float'
     1>e:\university\imageprocessing\pixel-cntn2013-thgk\pixel-thuchanhgiuaki\thuchanhgiuaki\convert_colormodel.h(186): warning C4305: 'initializing' : truncation from 'double' to 'float'
     1>e:\university\imageprocessing\pixel-cntn2013-thgk\pixel-thuchanhgiuaki\thuchanhgiuaki\convert_colormodel.h(205): warning C4244: '=' : conversion from 'double' to 'float', possible loss of data
     1>e:\university\imageprocessing\pixel-cntn2013-thgk\pixel-thuchanhgiuaki\thuchanhgiuaki\convert_colormodel.h(207): warning C4244: '=' : conversion from 'double' to 'float', possible loss of data
     1>e:\university\imageprocessing\pixel-cntn2013-thgk\pixel-thuchanhgiuaki\thuchanhgiuaki\convert_colormodel.h(222): warning C4305: 'initializing' : truncation from 'double' to 'float'
     1>e:\university\imageprocessing\pixel-cntn2013-thgk\pixel-thuchanhgiuaki\thuchanhgiuaki\convert_colormodel.h(224): warning C4305: 'initializing' : truncation from 'double' to 'float'
     1>e:\university\imageprocessing\pixel-cntn2013-thgk\pixel-thuchanhgiuaki\thuchanhgiuaki\convert_colormodel.h(240): warning C4244: '=' : conversion from 'double' to 'float', possible loss of data
     1>e:\university\imageprocessing\pixel-cntn2013-thgk\pixel-thuchanhgiuaki\thuchanhgiuaki\convert_colormodel.h(293): warning C4244: 'initializing' : conversion from 'double' to 'float', possible loss of data
     1>e:\university\imageprocessing\pixel-cntn2013-thgk\pixel-thuchanhgiuaki\thuchanhgiuaki\convert_colormodel.h(294): warning C4244: 'initializing' : conversion from 'double' to 'float', possible loss of data
     1>e:\university\imageprocessing\pixel-cntn2013-thgk\pixel-thuchanhgiuaki\thuchanhgiuaki\convert_colormodel.h(295): warning C4244: 'initializing' : conversion from 'double' to 'float', possible loss of data
     1>e:\university\imageprocessing\pixel-cntn2013-thgk\pixel-thuchanhgiuaki\thuchanhgiuaki\convert_colormodel.h(319): warning C4244: 'initializing' : conversion from 'double' to 'int', possible loss of data
     1>e:\university\imageprocessing\pixel-cntn2013-thgk\pixel-thuchanhgiuaki\thuchanhgiuaki\convert_colormodel.h(320): warning C4244: 'initializing' : conversion from 'double' to 'int', possible loss of data
     1>e:\university\imageprocessing\pixel-cntn2013-thgk\pixel-thuchanhgiuaki\thuchanhgiuaki\convert_colormodel.h(321): warning C4244: 'initializing' : conversion from 'double' to 'int', possible loss of data
     1>e:\university\imageprocessing\pixel-cntn2013-thgk\pixel-thuchanhgiuaki\thuchanhgiuaki\convert_colormodel.h(370): warning C4244: '=' : conversion from 'float' to 'int', possible loss of data
     1>e:\university\imageprocessing\pixel-cntn2013-thgk\pixel-thuchanhgiuaki\thuchanhgiuaki\convert_colormodel.h(386): warning C4244: '=' : conversion from 'float' to 'int', possible loss of data
     1>e:\university\imageprocessing\pixel-cntn2013-thgk\pixel-thuchanhgiuaki\thuchanhgiuaki\convert_colormodel.h(469): warning C4244: 'initializing' : conversion from 'double' to 'int', possible loss of data
     1>e:\university\imageprocessing\pixel-cntn2013-thgk\pixel-thuchanhgiuaki\thuchanhgiuaki\transform.h(14): warning C4244: 'initializing' : conversion from 'double' to 'int', possible loss of data
     1>e:\university\imageprocessing\pixel-cntn2013-thgk\pixel-thuchanhgiuaki\thuchanhgiuaki\transform.h(15): warning C4244: 'initializing' : conversion from 'double' to 'int', possible loss of data
     1>e:\university\imageprocessing\pixel-cntn2013-thgk\pixel-thuchanhgiuaki\thuchanhgiuaki\transform.h(24): warning C4244: 'initializing' : conversion from 'double' to 'int', possible loss of data
     1>e:\university\imageprocessing\pixel-cntn2013-thgk\pixel-thuchanhgiuaki\thuchanhgiuaki\transform.h(25): warning C4244: 'initializing' : conversion from 'double' to 'int', possible loss of data
     1>e:\university\imageprocessing\pixel-cntn2013-thgk\pixel-thuchanhgiuaki\thuchanhgiuaki\kernel.h(21): warning C4244: '=' : conversion from 'const double' to 'float', possible loss of data
     1>e:\university\imageprocessing\pixel-cntn2013-thgk\pixel-thuchanhgiuaki\thuchanhgiuaki\gradient.h(16): warning C4244: '=' : conversion from 'int' to 'float', possible loss of data
     1>e:\university\imageprocessing\pixel-cntn2013-thgk\pixel-thuchanhgiuaki\thuchanhgiuaki\gradient.h(30): warning C4244: '=' : conversion from 'int' to 'float', possible loss of data
     1>e:\university\imageprocessing\pixel-cntn2013-thgk\pixel-thuchanhgiuaki\thuchanhgiuaki\gradient.h(46): warning C4244: '=' : conversion from 'double' to 'float', possible loss of data
     1>e:\university\imageprocessing\pixel-cntn2013-thgk\pixel-thuchanhgiuaki\thuchanhgiuaki\video.h(10): warning C4244: '=' : conversion from 'double' to 'int', possible loss of data
     1>e:\university\imageprocessing\pixel-cntn2013-thgk\pixel-thuchanhgiuaki\thuchanhgiuaki\video.h(11): warning C4244: '=' : conversion from 'double' to 'int', possible loss of data
       Link:
         C:\Program Files (x86)\Microsoft Visual Studio 12.0\VC\bin\link.exe /ERRORREPORT:PROMPT /OUT:"E:\University\ImageProcessing\Pixel-CNTN2013-THGK\Pixel-ThucHanhGiuaKi\Debug\ThucHanhGiuaKi.exe" /INCREMENTAL /NOLOGO opencv_calib3d2411d.lib opencv_contrib2411d.lib opencv_core2411d.lib opencv_features2d2411d.lib opencv_flann2411d.lib opencv_gpu2411d.lib opencv_highgui2411d.lib opencv_imgproc2411d.lib opencv_legacy2411d.lib opencv_ml2411d.lib opencv_nonfree2411d.lib opencv_objdetect2411d.lib opencv_photo2411d.lib opencv_stitching2411d.lib opencv_ts2411d.lib opencv_video2411d.lib opencv_videostab2411d.lib kernel32.lib user32.lib gdi32.lib winspool.lib comdlg32.lib advapi32.lib shell32.lib ole32.lib oleaut32.lib uuid.lib odbc32.lib odbccp32.lib /MANIFEST /MANIFESTUAC:"level='asInvoker' uiAccess='false'" /manifest:embed /DEBUG /PDB:"E:\University\ImageProcessing\Pixel-CNTN2013-THGK\Pixel-ThucHanhGiuaKi\Debug\ThucHanhGiuaKi.pdb" /SUBSYSTEM:CONSOLE /TLBID:1 /DYNAMICBASE /NXCOMPAT /IMPLIB:"E:\University\ImageProcessing\Pixel-CNTN2013-THGK\Pixel-ThucHanhGiuaKi\Debug\ThucHanhGiuaKi.lib" /MACHINE:X86 Debug\EdgeDetector.obj
         Debug\Main.obj
         ThucHanhGiuaKi.vcxproj -> E:\University\ImageProcessing\Pixel-CNTN2013-THGK\Pixel-ThucHanhGiuaKi\Debug\ThucHanhGiuaKi.exe
     1>Done Building Project "E:\University\ImageProcessing\Pixel-CNTN2013-THGK\Pixel-ThucHanhGiuaKi\ThucHanhGiuaKi\ThucHanhGiuaKi.vcxproj" (Build target(s)).

Build succeeded.

Time Elapsed 00:00:01.51
